<?xml version="1.0" encoding="UTF-8"?>
<testng-results skipped="0" failed="0" ignored="0" total="1" passed="1">
  <reporter-output>
  </reporter-output>
  <suite name="test.DashboardTest" duration-ms="18041" started-at="2020-02-17T08:49:21Z" finished-at="2020-02-17T08:49:39Z">
    <groups>
    </groups>
    <test name="Command line test" duration-ms="18041" started-at="2020-02-17T08:49:21Z" finished-at="2020-02-17T08:49:39Z">
      <class name="test.DashboardTest">
        <test-method status="PASS" signature="createDraft()[pri:0, instance:test.DashboardTest@5b464ce8]" name="createDraft" duration-ms="17998" started-at="2020-02-17T08:49:21Z" finished-at="2020-02-17T08:49:39Z">
          <reporter-output>
          </reporter-output>
        </test-method> <!-- createDraft -->
      </class> <!-- test.DashboardTest -->
    </test> <!-- Command line test -->
  </suite> <!-- test.DashboardTest -->
</testng-results>
