<?xml version="1.0" encoding="UTF-8"?>
<testng-results skipped="0" failed="0" ignored="0" total="1" passed="1">
  <reporter-output>
  </reporter-output>
  <suite name="Default suite" duration-ms="19625" started-at="2020-02-17T02:24:08 CST" finished-at="2020-02-17T02:24:28 CST">
    <groups>
    </groups>
    <test name="Default test" duration-ms="19625" started-at="2020-02-17T02:24:08 CST" finished-at="2020-02-17T02:24:28 CST">
      <class name="test.DashboardTest">
        <test-method status="PASS" signature="createDraft()[pri:0, instance:test.DashboardTest@67b92f0a]" name="createDraft" duration-ms="19558" started-at="2020-02-17T02:24:08 CST" finished-at="2020-02-17T02:24:28 CST">
          <reporter-output>
          </reporter-output>
        </test-method> <!-- createDraft -->
      </class> <!-- test.DashboardTest -->
    </test> <!-- Default test -->
  </suite> <!-- Default suite -->
</testng-results>
